<?xml version="1.0" encoding="UTF-8"?>
<!-- Generated by org.testng.reporters.JUnitXMLReporter -->
<testsuite ignored="0" hostname="DML-BWK0GL3" failures="1" tests="3" name="car Loan" time="0.048" errors="0" timestamp="2022-11-15T16:57:43 CST">
  <testcase classname="Test.Day4" name="carApiLogin" time="0.009">
    <failure type="java.lang.AssertionError" message="expected [true] but found [false]">
      <![CDATA[java.lang.AssertionError: expected [true] but found [false]
at Test.Day4.carApiLogin(Day4.java:30)
at java.base/java.util.ArrayList.forEach(ArrayList.java:1511)
at java.base/java.util.concurrent.FutureTask.run(FutureTask.java:264)
at java.base/java.util.concurrent.ThreadPoolExecutor.runWorker(ThreadPoolExecutor.java:1136)
at java.base/java.util.concurrent.ThreadPoolExecutor$Worker.run(ThreadPoolExecutor.java:635)
at java.base/java.lang.Thread.run(Thread.java:833)
... Removed 22 stack frames]]>
    </failure>
  </testcase> <!-- carApiLogin -->
  <testcase classname="Test.Day4" name="carMobileLogin" time="0.001"/>
  <testcase classname="Test.Day4" name="carWebLogin" time="0.002"/>
</testsuite> <!-- car Loan -->
